<?xml version="1.0" encoding="UTF-8"?>
<!-- Generated by org.testng.reporters.JUnitReportReporter -->
<testsuite hostname="DESKTOP-LMHQ5LT" failures="0" tests="2" name="variables.Edge" time="0.035" errors="0" timestamp="2021-04-02T16:59:43 EDT" skipped="0">
  <testcase classname="variables.Edge" name="getTitle" time="0.026"/>
  <system-out/>
  <testcase classname="variables.Edge" name="getUrl" time="0.009"/>
  <system-out/>
</testsuite> <!-- variables.Edge -->
