<?xml version="1.0" encoding="UTF-8"?>
<!-- Generated by org.testng.reporters.JUnitReportReporter -->
<testsuite hostname="DESKTOP-LMHQ5LT" failures="0" tests="2" name="variables.Chrome" time="0.077" errors="0" timestamp="2021-04-01T11:03:48 EDT" skipped="0">
  <testcase classname="variables.Chrome" name="getTitle" time="0.064"/>
  <system-out/>
  <testcase classname="variables.Chrome" name="getUrl" time="0.013"/>
  <system-out/>
</testsuite> <!-- variables.Chrome -->
